2017-11-13 06:56:46,778 INFO: time management [in C:\Users\sherwyn\Dropbox\hax\soft_eng\tma\src\website\app\__init__.py:30]
2017-11-13 06:56:57,762 INFO: time management [in C:\Users\sherwyn\Dropbox\hax\soft_eng\tma\src\website\app\__init__.py:30]
2017-11-13 06:57:07,238 INFO: time management [in C:\Users\sherwyn\Dropbox\hax\soft_eng\tma\src\website\app\__init__.py:30]
2017-11-13 06:57:08,023 INFO: time management [in C:\Users\sherwyn\Dropbox\hax\soft_eng\tma\src\website\app\__init__.py:30]
2017-11-13 07:00:36,752 INFO: time management [in C:\Users\sherwyn\Dropbox\hax\soft_eng\tma\src\website\app\__init__.py:30]
2017-11-13 07:00:39,706 INFO: time management [in C:\Users\sherwyn\Dropbox\hax\soft_eng\tma\src\website\app\__init__.py:30]
2017-11-13 07:00:40,482 INFO: time management [in C:\Users\sherwyn\Dropbox\hax\soft_eng\tma\src\website\app\__init__.py:30]
2017-11-13 07:01:21,537 INFO: time management [in C:\Users\sherwyn\Dropbox\hax\soft_eng\tma\src\website\app\__init__.py:30]
2017-11-13 07:01:32,676 INFO: time management [in C:\Users\sherwyn\Dropbox\hax\soft_eng\tma\src\website\app\__init__.py:30]
2017-11-13 11:47:21,011 INFO: time management [in C:\Users\sherwyn\Dropbox\hax\soft_eng\tma\src\website\app\__init__.py:30]
2017-11-13 11:47:21,761 INFO: time management [in C:\Users\sherwyn\Dropbox\hax\soft_eng\tma\src\website\app\__init__.py:30]
2017-11-13 11:55:55,444 INFO: time management [in C:\Users\sherwyn\Dropbox\hax\soft_eng\tma\src\website\app\__init__.py:30]
2017-11-13 11:55:56,217 INFO: time management [in C:\Users\sherwyn\Dropbox\hax\soft_eng\tma\src\website\app\__init__.py:30]
2017-11-13 11:57:42,170 INFO: time management [in C:\Users\sherwyn\Dropbox\hax\soft_eng\tma\src\website\app\__init__.py:30]
2017-11-13 11:58:18,189 INFO: time management [in C:\Users\sherwyn\Dropbox\hax\soft_eng\tma\src\website\app\__init__.py:30]
2017-11-13 11:58:18,926 INFO: time management [in C:\Users\sherwyn\Dropbox\hax\soft_eng\tma\src\website\app\__init__.py:30]
2017-11-13 11:59:16,402 INFO: time management [in C:\Users\sherwyn\Dropbox\hax\soft_eng\tma\src\website\app\__init__.py:30]
2017-11-13 11:59:17,162 INFO: time management [in C:\Users\sherwyn\Dropbox\hax\soft_eng\tma\src\website\app\__init__.py:30]
2017-11-13 12:04:34,496 INFO: time management [in C:\Users\sherwyn\Dropbox\hax\soft_eng\tma\src\website\app\__init__.py:30]
2017-11-13 12:04:51,779 INFO: time management [in C:\Users\sherwyn\Dropbox\hax\soft_eng\tma\src\website\app\__init__.py:30]
2017-11-13 12:06:06,911 INFO: time management [in C:\Users\sherwyn\Dropbox\hax\soft_eng\tma\src\website\app\__init__.py:30]
2017-11-13 12:06:07,758 INFO: time management [in C:\Users\sherwyn\Dropbox\hax\soft_eng\tma\src\website\app\__init__.py:30]
2017-11-13 12:15:00,076 INFO: time management [in C:\Users\sherwyn\Dropbox\hax\soft_eng\tma\src\website\app\__init__.py:30]
2017-11-13 12:15:31,580 INFO: time management [in C:\Users\sherwyn\Dropbox\hax\soft_eng\tma\src\website\app\__init__.py:28]
2017-11-13 12:15:44,738 INFO: time management [in C:\Users\sherwyn\Dropbox\hax\soft_eng\tma\src\website\app\__init__.py:29]
2017-11-13 12:17:00,772 INFO: time management [in C:\Users\sherwyn\Dropbox\hax\soft_eng\tma\src\website\app\__init__.py:30]
2017-11-13 12:17:01,500 INFO: time management [in C:\Users\sherwyn\Dropbox\hax\soft_eng\tma\src\website\app\__init__.py:30]
2017-11-13 12:23:09,673 INFO: time management [in C:\Users\sherwyn\Dropbox\hax\soft_eng\tma\src\website\app\__init__.py:30]
2017-11-13 12:23:19,760 INFO: time management [in C:\Users\sherwyn\Dropbox\hax\soft_eng\tma\src\website\app\__init__.py:30]
2017-11-13 12:23:20,495 INFO: time management [in C:\Users\sherwyn\Dropbox\hax\soft_eng\tma\src\website\app\__init__.py:30]
2017-11-13 12:27:11,206 INFO: time management [in C:\Users\sherwyn\Dropbox\hax\soft_eng\tma\src\website\app\__init__.py:30]
2017-11-13 12:27:12,006 INFO: time management [in C:\Users\sherwyn\Dropbox\hax\soft_eng\tma\src\website\app\__init__.py:30]
2017-11-13 12:27:54,523 INFO: time management [in C:\Users\sherwyn\Dropbox\hax\soft_eng\tma\src\website\app\__init__.py:30]
2017-11-13 12:27:55,260 INFO: time management [in C:\Users\sherwyn\Dropbox\hax\soft_eng\tma\src\website\app\__init__.py:30]
2017-11-13 12:29:02,654 INFO: time management [in C:\Users\sherwyn\Dropbox\hax\soft_eng\tma\src\website\app\__init__.py:30]
2017-11-13 12:29:03,376 INFO: time management [in C:\Users\sherwyn\Dropbox\hax\soft_eng\tma\src\website\app\__init__.py:30]
2017-11-13 12:30:48,093 INFO: time management [in C:\Users\sherwyn\Dropbox\hax\soft_eng\tma\src\website\app\__init__.py:30]
2017-11-13 12:33:49,952 INFO: time management [in C:\Users\sherwyn\Dropbox\hax\soft_eng\tma\src\website\app\__init__.py:30]
2017-11-13 12:33:55,865 INFO: time management [in C:\Users\sherwyn\Dropbox\hax\soft_eng\tma\src\website\app\__init__.py:30]
2017-11-13 12:33:59,779 INFO: time management [in C:\Users\sherwyn\Dropbox\hax\soft_eng\tma\src\website\app\__init__.py:30]
2017-11-13 12:37:07,913 INFO: time management [in C:\Users\sherwyn\Dropbox\hax\soft_eng\tma\src\website\app\__init__.py:30]
2017-11-13 12:37:11,815 INFO: time management [in C:\Users\sherwyn\Dropbox\hax\soft_eng\tma\src\website\app\__init__.py:30]
2017-11-13 12:38:59,810 INFO: time management [in C:\Users\sherwyn\Dropbox\hax\soft_eng\tma\src\website\app\__init__.py:30]
2017-11-13 13:03:24,317 INFO: time management [in C:\Users\sherwyn\Dropbox\hax\soft_eng\tma\src\website\app\__init__.py:30]
2017-11-13 13:03:29,223 INFO: time management [in C:\Users\sherwyn\Dropbox\hax\soft_eng\tma\src\website\app\__init__.py:30]
2017-11-13 13:03:29,952 INFO: time management [in C:\Users\sherwyn\Dropbox\hax\soft_eng\tma\src\website\app\__init__.py:30]
2017-11-13 13:04:11,931 INFO: time management [in C:\Users\sherwyn\Dropbox\hax\soft_eng\tma\src\website\app\__init__.py:30]
2017-11-13 13:10:42,614 INFO: time management [in C:\Users\sherwyn\Dropbox\hax\soft_eng\tma\src\website\app\__init__.py:30]
2017-11-13 13:11:30,722 INFO: time management [in C:\Users\sherwyn\Dropbox\hax\soft_eng\tma\src\website\app\__init__.py:30]
2017-11-13 13:14:07,020 INFO: time management [in C:\Users\sherwyn\Dropbox\hax\soft_eng\tma\src\website\app\__init__.py:30]
2017-11-13 13:15:26,041 INFO: time management [in C:\Users\sherwyn\Dropbox\hax\soft_eng\tma\src\website\app\__init__.py:30]
2017-11-13 13:25:59,941 INFO: time management [in C:\Users\sherwyn\Dropbox\hax\soft_eng\tma\src\website\app\__init__.py:30]
2017-11-13 13:26:07,043 INFO: time management [in C:\Users\sherwyn\Dropbox\hax\soft_eng\tma\src\website\app\__init__.py:30]
2017-11-13 13:26:11,940 INFO: time management [in C:\Users\sherwyn\Dropbox\hax\soft_eng\tma\src\website\app\__init__.py:30]
2017-11-13 13:26:46,695 INFO: time management [in C:\Users\sherwyn\Dropbox\hax\soft_eng\tma\src\website\app\__init__.py:30]
2017-11-13 13:26:48,593 INFO: time management [in C:\Users\sherwyn\Dropbox\hax\soft_eng\tma\src\website\app\__init__.py:30]
2017-11-13 13:26:53,494 INFO: time management [in C:\Users\sherwyn\Dropbox\hax\soft_eng\tma\src\website\app\__init__.py:30]
2017-11-13 13:28:49,602 INFO: time management [in C:\Users\sherwyn\Dropbox\hax\soft_eng\tma\src\website\app\__init__.py:30]
2017-11-13 13:28:54,522 INFO: time management [in C:\Users\sherwyn\Dropbox\hax\soft_eng\tma\src\website\app\__init__.py:30]
2017-11-13 13:29:01,548 INFO: time management [in C:\Users\sherwyn\Dropbox\hax\soft_eng\tma\src\website\app\__init__.py:30]
2017-11-14 10:30:56,132 INFO: time management [in /home/sherwyn/Dropbox/hax/soft_eng/tma/src/website/app/__init__.py:50]
2017-11-14 10:31:51,148 INFO: time management [in /home/sherwyn/Dropbox/hax/soft_eng/tma/src/website/app/__init__.py:50]
2017-11-14 10:34:33,992 INFO: time management [in /home/sherwyn/Dropbox/hax/soft_eng/tma/src/website/app/__init__.py:50]
2017-11-14 10:34:50,925 INFO: time management [in /home/sherwyn/Dropbox/hax/soft_eng/tma/src/website/app/__init__.py:50]
2017-11-14 10:35:36,346 INFO: time management [in /home/sherwyn/Dropbox/hax/soft_eng/tma/src/website/app/__init__.py:50]
2017-11-14 10:38:02,062 INFO: time management [in /home/sherwyn/Dropbox/hax/soft_eng/tma/src/website/app/__init__.py:50]
2017-11-14 10:38:37,581 INFO: time management [in /home/sherwyn/Dropbox/hax/soft_eng/tma/src/website/app/__init__.py:50]
2017-11-14 10:38:39,175 INFO: time management [in /home/sherwyn/Dropbox/hax/soft_eng/tma/src/website/app/__init__.py:50]
2017-11-14 10:47:09,202 INFO: time management [in /home/sherwyn/Dropbox/hax/soft_eng/tma/src/website/app/__init__.py:50]
2017-11-14 10:47:10,066 INFO: time management [in /home/sherwyn/Dropbox/hax/soft_eng/tma/src/website/app/__init__.py:50]
2017-11-14 11:05:12,595 INFO: time management [in /home/sherwyn/Dropbox/hax/soft_eng/tma/src/website/app/__init__.py:50]
2017-11-14 11:07:12,278 INFO: time management [in /home/sherwyn/Dropbox/hax/soft_eng/tma/src/website/app/__init__.py:50]
2017-11-14 11:44:54,548 INFO: time management [in /home/sherwyn/Dropbox/hax/soft_eng/tma/src/website/app/__init__.py:50]
2017-11-14 12:03:33,036 INFO: time management [in /home/sherwyn/Dropbox/hax/soft_eng/tma/src/website/app/__init__.py:50]
2017-11-14 12:23:38,376 INFO: time management [in /home/sherwyn/Dropbox/hax/soft_eng/tma/src/website/app/__init__.py:50]
2017-11-14 12:24:13,990 INFO: time management [in /home/sherwyn/Dropbox/hax/soft_eng/tma/src/website/app/__init__.py:50]
2017-11-14 12:24:42,819 INFO: time management [in /home/sherwyn/Dropbox/hax/soft_eng/tma/src/website/app/__init__.py:50]
2017-11-14 12:24:57,835 INFO: time management [in /home/sherwyn/Dropbox/hax/soft_eng/tma/src/website/app/__init__.py:50]
2017-11-14 12:24:58,514 INFO: time management [in /home/sherwyn/Dropbox/hax/soft_eng/tma/src/website/app/__init__.py:50]
2017-11-14 12:36:59,161 INFO: time management [in /home/sherwyn/Dropbox/hax/soft_eng/tma/src/website/app/__init__.py:50]
2017-11-14 12:42:27,895 INFO: time management [in /home/sherwyn/Dropbox/hax/soft_eng/tma/src/website/app/__init__.py:50]
2017-11-14 12:43:28,970 INFO: time management [in /home/sherwyn/Dropbox/hax/soft_eng/tma/src/website/app/__init__.py:50]
2017-11-14 12:44:44,388 INFO: time management [in /home/sherwyn/Dropbox/hax/soft_eng/tma/src/website/app/__init__.py:50]
2017-11-14 12:46:43,781 INFO: time management [in /home/sherwyn/Dropbox/hax/soft_eng/tma/src/website/app/__init__.py:50]
2017-11-14 12:47:36,369 INFO: time management [in /home/sherwyn/Dropbox/hax/soft_eng/tma/src/website/app/__init__.py:50]
2017-11-14 12:51:56,794 INFO: time management [in /home/sherwyn/Dropbox/hax/soft_eng/tma/src/website/app/__init__.py:50]
2017-11-14 12:51:57,472 INFO: time management [in /home/sherwyn/Dropbox/hax/soft_eng/tma/src/website/app/__init__.py:50]
2017-11-14 12:53:06,267 INFO: time management [in /home/sherwyn/Dropbox/hax/soft_eng/tma/src/website/app/__init__.py:50]
2017-11-14 13:19:20,289 INFO: time management [in /home/sherwyn/Dropbox/hax/soft_eng/tma/src/website/app/__init__.py:50]
2017-11-14 13:20:38,295 INFO: time management [in /home/sherwyn/Dropbox/hax/soft_eng/tma/src/website/app/__init__.py:50]
2017-11-14 13:21:17,648 INFO: time management [in /home/sherwyn/Dropbox/hax/soft_eng/tma/src/website/app/__init__.py:50]
2017-11-14 13:21:18,323 INFO: time management [in /home/sherwyn/Dropbox/hax/soft_eng/tma/src/website/app/__init__.py:50]
2017-11-14 13:32:30,983 INFO: time management [in /home/sherwyn/Dropbox/hax/soft_eng/tma/src/website/app/__init__.py:50]
2017-11-14 13:33:15,368 INFO: time management [in /home/sherwyn/Dropbox/hax/soft_eng/tma/src/website/app/__init__.py:50]
2017-11-14 13:36:27,203 INFO: time management [in /home/sherwyn/Dropbox/hax/soft_eng/tma/src/website/app/__init__.py:50]
2017-11-14 16:29:05,759 INFO: time management [in /home/sherwyn/Dropbox/hax/soft_eng/tma/src/website/app/__init__.py:50]
2017-11-14 16:29:06,807 INFO: time management [in /home/sherwyn/Dropbox/hax/soft_eng/tma/src/website/app/__init__.py:50]
2017-11-14 16:30:40,936 INFO: time management [in /home/sherwyn/Dropbox/hax/soft_eng/tma/src/website/app/__init__.py:50]
2017-11-14 17:09:27,717 INFO: time management [in /home/sherwyn/Dropbox/hax/soft_eng/tma/src/website/app/__init__.py:50]
2017-11-14 17:09:30,505 INFO: time management [in /home/sherwyn/Dropbox/hax/soft_eng/tma/src/website/app/__init__.py:50]
2017-11-14 17:12:52,645 INFO: time management [in /home/sherwyn/Dropbox/hax/soft_eng/tma/src/website/app/__init__.py:50]
2017-11-14 17:12:53,490 INFO: time management [in /home/sherwyn/Dropbox/hax/soft_eng/tma/src/website/app/__init__.py:50]
2017-11-14 17:38:35,535 INFO: time management [in /home/sherwyn/Dropbox/hax/soft_eng/tma/src/website/app/__init__.py:50]
2017-11-14 17:43:13,115 INFO: time management [in /home/sherwyn/Dropbox/hax/soft_eng/tma/src/website/app/__init__.py:50]
2017-11-14 17:43:23,039 INFO: time management [in /home/sherwyn/Dropbox/hax/soft_eng/tma/src/website/app/__init__.py:50]
2017-11-14 17:43:50,252 INFO: time management [in /home/sherwyn/Dropbox/hax/soft_eng/tma/src/website/app/__init__.py:50]
2017-11-14 17:46:37,692 INFO: time management [in /home/sherwyn/Dropbox/hax/soft_eng/tma/src/website/app/__init__.py:50]
2017-11-14 17:53:40,334 INFO: time management [in /home/sherwyn/Dropbox/hax/soft_eng/tma/src/website/app/__init__.py:50]
2017-11-14 17:54:34,022 INFO: time management [in /home/sherwyn/Dropbox/hax/soft_eng/tma/src/website/app/__init__.py:50]
2017-11-14 17:55:33,725 INFO: time management [in /home/sherwyn/Dropbox/hax/soft_eng/tma/src/website/app/__init__.py:50]
2017-11-14 17:56:04,984 INFO: time management [in /home/sherwyn/Dropbox/hax/soft_eng/tma/src/website/app/__init__.py:50]
2017-11-14 17:59:42,927 INFO: time management [in /home/sherwyn/Dropbox/hax/soft_eng/tma/src/website/app/__init__.py:50]
2017-11-15 15:39:04,135 INFO: time management [in C:\Users\sherwyn\Dropbox\hax\soft_eng\tma\src\website\app\__init__.py:50]
2017-11-15 15:40:04,894 INFO: time management [in C:\Users\sherwyn\Dropbox\hax\soft_eng\tma\src\website\app\__init__.py:50]
2017-11-15 15:40:22,481 INFO: time management [in C:\Users\sherwyn\Dropbox\hax\soft_eng\tma\src\website\app\__init__.py:50]
2017-11-15 15:40:24,198 INFO: time management [in C:\Users\sherwyn\Dropbox\hax\soft_eng\tma\src\website\app\__init__.py:50]
2017-11-15 15:40:42,756 INFO: time management [in C:\Users\sherwyn\Dropbox\hax\soft_eng\tma\src\website\app\__init__.py:50]
2017-11-15 15:40:43,883 INFO: time management [in C:\Users\sherwyn\Dropbox\hax\soft_eng\tma\src\website\app\__init__.py:50]
2017-11-15 15:42:22,402 INFO: time management [in C:\Users\sherwyn\Dropbox\hax\soft_eng\tma\src\website\app\__init__.py:50]
2017-11-15 15:42:27,023 INFO: time management [in C:\Users\sherwyn\Dropbox\hax\soft_eng\tma\src\website\app\__init__.py:50]
2017-11-24 04:08:03,217 INFO: time management [in C:\Users\sherwyn\Dropbox\hax\soft_eng\tma\src\website\app\__init__.py:50]
2017-11-24 04:08:07,327 INFO: time management [in C:\Users\sherwyn\Dropbox\hax\soft_eng\tma\src\website\app\__init__.py:50]
2017-11-24 14:07:16,094 INFO: time management [in C:\Users\sherwyn\Dropbox\hax\soft_eng\tma\src\website\app\__init__.py:50]
2017-11-24 14:09:29,963 INFO: time management [in C:\Users\sherwyn\Dropbox\hax\soft_eng\tma\src\website\app\__init__.py:50]
2017-11-24 14:09:31,980 INFO: time management [in C:\Users\sherwyn\Dropbox\hax\soft_eng\tma\src\website\app\__init__.py:50]
2017-11-24 14:09:58,899 INFO: time management [in C:\Users\sherwyn\Dropbox\hax\soft_eng\tma\src\website\app\__init__.py:50]
2017-11-24 14:10:33,084 INFO: time management [in C:\Users\sherwyn\Dropbox\hax\soft_eng\tma\src\website\app\__init__.py:50]
2017-11-24 14:12:10,289 INFO: time management [in C:\Users\sherwyn\Dropbox\hax\soft_eng\tma\src\website\app\__init__.py:50]
2017-11-24 14:12:21,660 INFO: time management [in C:\Users\sherwyn\Dropbox\hax\soft_eng\tma\src\website\app\__init__.py:50]
2017-11-24 14:12:30,059 INFO: time management [in C:\Users\sherwyn\Dropbox\hax\soft_eng\tma\src\website\app\__init__.py:50]
2017-11-24 14:12:37,070 INFO: time management [in C:\Users\sherwyn\Dropbox\hax\soft_eng\tma\src\website\app\__init__.py:50]
2017-11-24 14:12:37,995 INFO: time management [in C:\Users\sherwyn\Dropbox\hax\soft_eng\tma\src\website\app\__init__.py:50]
2017-11-24 14:37:06,324 INFO: time management [in C:\Users\sherwyn\Dropbox\hax\soft_eng\tma\src\website\app\__init__.py:50]
2017-11-24 14:37:12,606 INFO: time management [in C:\Users\sherwyn\Dropbox\hax\soft_eng\tma\src\website\app\__init__.py:50]
2017-11-24 14:37:20,889 INFO: time management [in C:\Users\sherwyn\Dropbox\hax\soft_eng\tma\src\website\app\__init__.py:50]
2017-11-24 14:37:26,080 INFO: time management [in C:\Users\sherwyn\Dropbox\hax\soft_eng\tma\src\website\app\__init__.py:50]
2017-11-24 15:00:38,296 INFO: time management [in C:\Users\sherwyn\Dropbox\hax\soft_eng\tma\src\website\app\__init__.py:50]
2017-11-24 15:03:35,736 INFO: time management [in C:\Users\sherwyn\Dropbox\hax\soft_eng\tma\src\website\app\__init__.py:50]
2017-11-24 15:03:44,055 INFO: time management [in C:\Users\sherwyn\Dropbox\hax\soft_eng\tma\src\website\app\__init__.py:50]
2017-11-24 15:19:23,856 INFO: time management [in C:\Users\sherwyn\Dropbox\hax\soft_eng\tma\src\website\app\__init__.py:50]
2017-11-24 15:19:26,995 INFO: time management [in C:\Users\sherwyn\Dropbox\hax\soft_eng\tma\src\website\app\__init__.py:50]
2017-11-24 15:21:27,337 INFO: time management [in C:\Users\sherwyn\Dropbox\hax\soft_eng\tma\src\website\app\__init__.py:50]
2017-11-24 15:26:43,972 INFO: time management [in C:\Users\sherwyn\Dropbox\hax\soft_eng\tma\src\website\app\__init__.py:50]
2017-11-24 15:50:33,182 INFO: time management [in C:\Users\sherwyn\Dropbox\hax\soft_eng\tma\src\website\app\__init__.py:50]
2017-11-24 15:50:34,161 INFO: time management [in C:\Users\sherwyn\Dropbox\hax\soft_eng\tma\src\website\app\__init__.py:50]
2017-11-24 15:52:18,057 INFO: time management [in C:\Users\sherwyn\Dropbox\hax\soft_eng\tma\src\website\app\__init__.py:50]
2017-11-24 15:56:12,897 INFO: time management [in C:\Users\sherwyn\Dropbox\hax\soft_eng\tma\src\website\app\__init__.py:50]
2017-11-24 15:56:13,946 INFO: time management [in C:\Users\sherwyn\Dropbox\hax\soft_eng\tma\src\website\app\__init__.py:50]
2017-11-24 15:56:35,805 INFO: time management [in C:\Users\sherwyn\Dropbox\hax\soft_eng\tma\src\website\app\__init__.py:50]
2017-11-24 15:58:39,459 INFO: time management [in C:\Users\sherwyn\Dropbox\hax\soft_eng\tma\src\website\app\__init__.py:50]
2017-11-24 15:58:57,209 INFO: time management [in C:\Users\sherwyn\Dropbox\hax\soft_eng\tma\src\website\app\__init__.py:50]
2017-11-24 15:59:03,578 INFO: time management [in C:\Users\sherwyn\Dropbox\hax\soft_eng\tma\src\website\app\__init__.py:50]
2017-11-24 15:59:58,530 INFO: time management [in C:\Users\sherwyn\Dropbox\hax\soft_eng\tma\src\website\app\__init__.py:50]
2017-11-24 15:59:59,498 INFO: time management [in C:\Users\sherwyn\Dropbox\hax\soft_eng\tma\src\website\app\__init__.py:50]
2017-11-24 16:01:21,567 INFO: time management [in C:\Users\sherwyn\Dropbox\hax\soft_eng\tma\src\website\app\__init__.py:50]
2017-11-24 16:01:38,242 INFO: time management [in C:\Users\sherwyn\Dropbox\hax\soft_eng\tma\src\website\app\__init__.py:50]
2017-11-24 16:02:52,071 INFO: time management [in C:\Users\sherwyn\Dropbox\hax\soft_eng\tma\src\website\app\__init__.py:50]
2017-11-24 16:03:08,680 INFO: time management [in C:\Users\sherwyn\Dropbox\hax\soft_eng\tma\src\website\app\__init__.py:50]
2017-11-24 16:11:56,329 INFO: time management [in C:\Users\sherwyn\Dropbox\hax\soft_eng\tma\src\website\app\__init__.py:50]
2017-11-24 16:11:57,433 INFO: time management [in C:\Users\sherwyn\Dropbox\hax\soft_eng\tma\src\website\app\__init__.py:50]
2017-11-24 16:14:11,886 INFO: time management [in C:\Users\sherwyn\Dropbox\hax\soft_eng\tma\src\website\app\__init__.py:50]
2017-11-24 16:19:13,001 INFO: time management [in C:\Users\sherwyn\Dropbox\hax\soft_eng\tma\src\website\app\__init__.py:50]
2017-11-24 16:21:02,414 INFO: time management [in C:\Users\sherwyn\Dropbox\hax\soft_eng\tma\src\website\app\__init__.py:50]
2017-11-24 16:21:09,950 INFO: time management [in C:\Users\sherwyn\Dropbox\hax\soft_eng\tma\src\website\app\__init__.py:50]
2017-11-24 16:21:46,700 INFO: time management [in C:\Users\sherwyn\Dropbox\hax\soft_eng\tma\src\website\app\__init__.py:50]
2017-11-24 16:51:00,961 INFO: time management [in C:\Users\sherwyn\Dropbox\hax\soft_eng\tma\src\website\app\__init__.py:50]
2017-11-24 16:52:30,558 INFO: time management [in C:\Users\sherwyn\Dropbox\hax\soft_eng\tma\src\website\app\__init__.py:50]
2017-11-24 16:52:57,765 INFO: time management [in C:\Users\sherwyn\Dropbox\hax\soft_eng\tma\src\website\app\__init__.py:50]
2017-11-24 16:53:06,230 INFO: time management [in C:\Users\sherwyn\Dropbox\hax\soft_eng\tma\src\website\app\__init__.py:50]
2017-11-24 16:56:11,234 INFO: time management [in C:\Users\sherwyn\Dropbox\hax\soft_eng\tma\src\website\app\__init__.py:50]
2017-11-25 10:10:15,736 INFO: time management [in C:\Users\sherwyn\Dropbox\hax\soft_eng\tma\src\website\app\__init__.py:50]
2017-11-25 10:10:36,891 INFO: time management [in C:\Users\sherwyn\Dropbox\hax\soft_eng\tma\src\website\app\__init__.py:50]
2017-11-25 10:10:47,151 INFO: time management [in C:\Users\sherwyn\Dropbox\hax\soft_eng\tma\src\website\app\__init__.py:50]
2017-11-25 10:10:54,790 INFO: time management [in C:\Users\sherwyn\Dropbox\hax\soft_eng\tma\src\website\app\__init__.py:50]
2017-11-25 10:10:55,983 INFO: time management [in C:\Users\sherwyn\Dropbox\hax\soft_eng\tma\src\website\app\__init__.py:50]
2017-11-25 10:13:23,728 INFO: time management [in C:\Users\sherwyn\Dropbox\hax\soft_eng\tma\src\website\app\__init__.py:50]
2017-11-25 10:13:48,669 INFO: time management [in C:\Users\sherwyn\Dropbox\hax\soft_eng\tma\src\website\app\__init__.py:50]
2017-11-25 10:13:53,961 INFO: time management [in C:\Users\sherwyn\Dropbox\hax\soft_eng\tma\src\website\app\__init__.py:50]
2017-11-25 10:14:55,230 INFO: time management [in C:\Users\sherwyn\Dropbox\hax\soft_eng\tma\src\website\app\__init__.py:50]
2017-11-25 10:15:07,730 INFO: time management [in C:\Users\sherwyn\Dropbox\hax\soft_eng\tma\src\website\app\__init__.py:50]
2017-11-25 10:15:09,793 INFO: time management [in C:\Users\sherwyn\Dropbox\hax\soft_eng\tma\src\website\app\__init__.py:50]
2017-11-25 10:15:52,324 INFO: time management [in C:\Users\sherwyn\Dropbox\hax\soft_eng\tma\src\website\app\__init__.py:50]
2017-11-25 10:15:53,526 INFO: time management [in C:\Users\sherwyn\Dropbox\hax\soft_eng\tma\src\website\app\__init__.py:50]
2017-11-25 22:13:43,820 INFO: time management [in C:\Users\sherwyn\Dropbox\hax\soft_eng\tma\src\website\app\__init__.py:50]
2017-11-25 22:15:49,979 INFO: time management [in C:\Users\sherwyn\Dropbox\hax\soft_eng\tma\src\website\app\__init__.py:50]
2017-11-25 22:15:57,592 INFO: time management [in C:\Users\sherwyn\Dropbox\hax\soft_eng\tma\src\website\app\__init__.py:50]
2017-11-26 06:08:10,742 INFO: time management [in C:\Users\sherwyn\Dropbox\hax\soft_eng\tma\src\website\app\__init__.py:50]
2017-11-26 18:26:30,691 INFO: time management [in C:\Users\sherwyn\Dropbox\hax\soft_eng\tma\src\website\app\__init__.py:50]
2017-11-26 18:59:13,917 INFO: time management [in C:\Users\sherwyn\Dropbox\hax\soft_eng\tma\src\website\app\__init__.py:50]
2017-11-26 18:59:32,243 INFO: time management [in C:\Users\sherwyn\Dropbox\hax\soft_eng\tma\src\website\app\__init__.py:50]
2017-11-26 18:59:42,148 INFO: time management [in C:\Users\sherwyn\Dropbox\hax\soft_eng\tma\src\website\app\__init__.py:50]
2017-11-26 18:59:50,912 INFO: time management [in C:\Users\sherwyn\Dropbox\hax\soft_eng\tma\src\website\app\__init__.py:50]
2017-11-26 19:01:33,877 INFO: time management [in C:\Users\sherwyn\Dropbox\hax\soft_eng\tma\src\website\app\__init__.py:50]
2017-11-26 19:01:34,801 INFO: time management [in C:\Users\sherwyn\Dropbox\hax\soft_eng\tma\src\website\app\__init__.py:50]
2017-11-26 19:02:12,186 INFO: time management [in C:\Users\sherwyn\Dropbox\hax\soft_eng\tma\src\website\app\__init__.py:50]
2017-11-26 19:02:39,150 INFO: time management [in C:\Users\sherwyn\Dropbox\hax\soft_eng\tma\src\website\app\__init__.py:50]
2017-11-26 19:02:51,514 INFO: time management [in C:\Users\sherwyn\Dropbox\hax\soft_eng\tma\src\website\app\__init__.py:50]
2017-11-26 19:03:40,379 INFO: time management [in C:\Users\sherwyn\Dropbox\hax\soft_eng\tma\src\website\app\__init__.py:50]
2017-11-26 19:04:25,027 INFO: time management [in C:\Users\sherwyn\Dropbox\hax\soft_eng\tma\src\website\app\__init__.py:50]
2017-11-26 19:19:52,869 INFO: time management [in C:\Users\sherwyn\Dropbox\hax\soft_eng\tma\src\website\app\__init__.py:50]
2017-11-26 19:20:19,828 INFO: time management [in C:\Users\sherwyn\Dropbox\hax\soft_eng\tma\src\website\app\__init__.py:50]
2017-11-26 19:20:27,307 INFO: time management [in C:\Users\sherwyn\Dropbox\hax\soft_eng\tma\src\website\app\__init__.py:50]
2017-11-26 19:20:30,879 INFO: time management [in C:\Users\sherwyn\Dropbox\hax\soft_eng\tma\src\website\app\__init__.py:50]
2017-11-26 19:20:31,797 INFO: time management [in C:\Users\sherwyn\Dropbox\hax\soft_eng\tma\src\website\app\__init__.py:50]
2017-11-26 19:23:00,150 INFO: time management [in C:\Users\sherwyn\Dropbox\hax\soft_eng\tma\src\website\app\__init__.py:50]
2017-11-26 19:23:22,029 INFO: time management [in C:\Users\sherwyn\Dropbox\hax\soft_eng\tma\src\website\app\__init__.py:50]
2017-11-26 19:26:33,791 INFO: time management [in C:\Users\sherwyn\Dropbox\hax\soft_eng\tma\src\website\app\__init__.py:50]
2017-11-26 19:36:03,590 INFO: time management [in C:\Users\sherwyn\Dropbox\hax\soft_eng\tma\src\website\app\__init__.py:50]
2017-11-26 19:36:04,586 INFO: time management [in C:\Users\sherwyn\Dropbox\hax\soft_eng\tma\src\website\app\__init__.py:50]
2017-11-26 19:37:21,474 INFO: time management [in C:\Users\sherwyn\Dropbox\hax\soft_eng\tma\src\website\app\__init__.py:50]
2017-11-26 19:53:15,701 INFO: time management [in C:\Users\sherwyn\Dropbox\hax\soft_eng\tma\src\website\app\__init__.py:50]
2017-11-27 15:04:14,802 INFO: time management [in C:\Users\sherwyn\Dropbox\hax\soft_eng\tma\src\website\app\__init__.py:50]
2017-11-27 15:21:16,939 INFO: time management [in app/__init__.py:50]
2017-11-27 15:22:08,404 INFO: time management [in app/__init__.py:50]
2017-11-27 15:22:25,674 INFO: time management [in app/__init__.py:50]
2017-11-27 15:25:34,457 INFO: time management [in app/__init__.py:52]
2017-11-27 15:41:29,298 INFO: time management [in C:\Users\sherwyn\Dropbox\hax\soft_eng\tma\src\website\app\__init__.py:53]
2017-11-27 15:41:52,800 INFO: time management [in C:\Users\sherwyn\Dropbox\hax\soft_eng\tma\src\website\app\__init__.py:53]
2017-11-27 15:42:10,719 INFO: time management [in C:\Users\sherwyn\Dropbox\hax\soft_eng\tma\src\website\app\__init__.py:53]
2017-11-27 15:42:11,650 INFO: time management [in C:\Users\sherwyn\Dropbox\hax\soft_eng\tma\src\website\app\__init__.py:53]
2017-11-27 15:50:31,849 INFO: time management [in C:\Users\sherwyn\Dropbox\hax\soft_eng\tma\src\website\app\__init__.py:53]
2017-11-27 15:51:43,250 INFO: time management [in C:\Users\sherwyn\Dropbox\hax\soft_eng\tma\src\website\app\__init__.py:53]
2017-11-27 15:51:50,821 INFO: time management [in C:\Users\sherwyn\Dropbox\hax\soft_eng\tma\src\website\app\__init__.py:53]
2017-11-27 16:53:54,450 INFO: time management [in C:\Users\sherwyn\Dropbox\hax\soft_eng\tma\src\website\app\__init__.py:53]
2017-11-27 16:54:26,773 INFO: time management [in C:\Users\sherwyn\Dropbox\hax\soft_eng\tma\src\website\app\__init__.py:53]
2017-11-27 17:05:52,293 INFO: time management [in C:\Users\sherwyn\Dropbox\hax\soft_eng\tma\src\website\app\__init__.py:53]
2017-11-27 17:06:55,670 INFO: time management [in C:\Users\sherwyn\Dropbox\hax\soft_eng\tma\src\website\app\__init__.py:53]
2017-11-27 17:09:34,308 INFO: time management [in C:\Users\sherwyn\Dropbox\hax\soft_eng\tma\src\website\app\__init__.py:53]
2017-11-27 17:09:35,315 INFO: time management [in C:\Users\sherwyn\Dropbox\hax\soft_eng\tma\src\website\app\__init__.py:53]
2017-11-27 17:40:37,155 INFO: time management [in C:\Users\sherwyn\Dropbox\hax\soft_eng\tma\src\website\app\__init__.py:53]
2017-11-27 18:32:06,587 INFO: time management [in C:\Users\sherwyn\Dropbox\hax\soft_eng\tma\src\website\app\__init__.py:53]
2017-11-27 19:02:16,986 INFO: time management [in C:\Users\sherwyn\Dropbox\hax\soft_eng\tma\src\website\app\__init__.py:53]
2017-11-27 19:02:17,996 INFO: time management [in C:\Users\sherwyn\Dropbox\hax\soft_eng\tma\src\website\app\__init__.py:53]
2017-11-27 19:16:51,859 INFO: time management [in C:\Users\sherwyn\Dropbox\hax\soft_eng\tma\src\website\app\__init__.py:53]
2017-11-27 19:19:48,224 INFO: time management [in C:\Users\sherwyn\Dropbox\hax\soft_eng\tma\src\website\app\__init__.py:53]
2017-11-27 20:52:13,695 INFO: time management [in C:\Users\sherwyn\Dropbox\hax\soft_eng\tma\src\website\app\__init__.py:53]
2017-11-27 20:52:30,483 INFO: time management [in C:\Users\sherwyn\Dropbox\hax\soft_eng\tma\src\website\app\__init__.py:53]
2017-11-27 20:52:40,336 INFO: time management [in C:\Users\sherwyn\Dropbox\hax\soft_eng\tma\src\website\app\__init__.py:53]
2017-11-27 20:52:41,337 INFO: time management [in C:\Users\sherwyn\Dropbox\hax\soft_eng\tma\src\website\app\__init__.py:53]
2017-11-27 20:53:32,360 INFO: time management [in C:\Users\sherwyn\Dropbox\hax\soft_eng\tma\src\website\app\__init__.py:53]
2017-11-27 20:54:03,543 INFO: time management [in C:\Users\sherwyn\Dropbox\hax\soft_eng\tma\src\website\app\__init__.py:53]
2017-11-27 20:54:25,338 INFO: time management [in C:\Users\sherwyn\Dropbox\hax\soft_eng\tma\src\website\app\__init__.py:53]
2017-11-27 20:54:34,726 INFO: time management [in C:\Users\sherwyn\Dropbox\hax\soft_eng\tma\src\website\app\__init__.py:53]
2017-11-27 20:55:41,314 INFO: time management [in C:\Users\sherwyn\Dropbox\hax\soft_eng\tma\src\website\app\__init__.py:53]
2017-11-27 20:56:37,638 INFO: time management [in C:\Users\sherwyn\Dropbox\hax\soft_eng\tma\src\website\app\__init__.py:53]
2017-11-27 21:11:31,602 INFO: time management [in C:\Users\sherwyn\Dropbox\hax\soft_eng\tma\src\website\app\__init__.py:53]
2017-11-27 21:13:15,453 INFO: time management [in C:\Users\sherwyn\Dropbox\hax\soft_eng\tma\src\website\app\__init__.py:53]
2017-11-27 21:14:05,368 INFO: time management [in C:\Users\sherwyn\Dropbox\hax\soft_eng\tma\src\website\app\__init__.py:53]
2017-11-27 21:19:56,632 INFO: time management [in C:\Users\sherwyn\Dropbox\hax\soft_eng\tma\src\website\app\__init__.py:53]
2017-11-27 21:20:01,871 INFO: time management [in C:\Users\sherwyn\Dropbox\hax\soft_eng\tma\src\website\app\__init__.py:53]
2017-11-27 21:20:08,095 INFO: time management [in C:\Users\sherwyn\Dropbox\hax\soft_eng\tma\src\website\app\__init__.py:53]
2017-11-27 21:20:21,748 INFO: time management [in C:\Users\sherwyn\Dropbox\hax\soft_eng\tma\src\website\app\__init__.py:53]
2017-11-27 21:35:54,086 INFO: time management [in C:\Users\sherwyn\Dropbox\hax\soft_eng\tma\src\website\app\__init__.py:53]
2017-11-27 21:38:56,537 INFO: time management [in C:\Users\sherwyn\Dropbox\hax\soft_eng\tma\src\website\app\__init__.py:53]
2017-11-27 21:39:53,759 INFO: time management [in C:\Users\sherwyn\Dropbox\hax\soft_eng\tma\src\website\app\__init__.py:53]
2017-11-27 21:40:07,232 INFO: time management [in C:\Users\sherwyn\Dropbox\hax\soft_eng\tma\src\website\app\__init__.py:53]
2017-11-27 21:41:15,782 INFO: time management [in C:\Users\sherwyn\Dropbox\hax\soft_eng\tma\src\website\app\__init__.py:53]
2017-11-27 21:43:38,137 INFO: time management [in C:\Users\sherwyn\Dropbox\hax\soft_eng\tma\src\website\app\__init__.py:53]
2017-11-27 21:48:07,814 INFO: time management [in C:\Users\sherwyn\Dropbox\hax\soft_eng\tma\src\website\app\__init__.py:53]
2017-11-27 21:50:19,718 INFO: time management [in C:\Users\sherwyn\Dropbox\hax\soft_eng\tma\src\website\app\__init__.py:53]
2017-11-27 21:50:40,561 INFO: time management [in C:\Users\sherwyn\Dropbox\hax\soft_eng\tma\src\website\app\__init__.py:53]
2017-11-27 21:52:28,717 INFO: time management [in C:\Users\sherwyn\Dropbox\hax\soft_eng\tma\src\website\app\__init__.py:53]
2017-11-27 21:53:36,226 INFO: time management [in C:\Users\sherwyn\Dropbox\hax\soft_eng\tma\src\website\app\__init__.py:53]
2017-11-27 21:53:51,841 INFO: time management [in C:\Users\sherwyn\Dropbox\hax\soft_eng\tma\src\website\app\__init__.py:53]
2017-11-27 21:54:50,141 INFO: time management [in C:\Users\sherwyn\Dropbox\hax\soft_eng\tma\src\website\app\__init__.py:53]
2017-11-27 21:56:00,766 INFO: time management [in C:\Users\sherwyn\Dropbox\hax\soft_eng\tma\src\website\app\__init__.py:53]
2017-11-27 21:56:56,967 INFO: time management [in C:\Users\sherwyn\Dropbox\hax\soft_eng\tma\src\website\app\__init__.py:53]
2017-11-27 21:57:16,688 INFO: time management [in C:\Users\sherwyn\Dropbox\hax\soft_eng\tma\src\website\app\__init__.py:53]
2017-11-27 21:57:29,231 INFO: time management [in C:\Users\sherwyn\Dropbox\hax\soft_eng\tma\src\website\app\__init__.py:53]
2017-11-27 21:59:29,612 INFO: time management [in C:\Users\sherwyn\Dropbox\hax\soft_eng\tma\src\website\app\__init__.py:53]
2017-11-28 01:34:02,537 INFO: time management [in /home/sherwyn/Dropbox/hax/soft_eng/tma/src/website/app/__init__.py:53]
2017-11-28 01:34:08,148 INFO: time management [in /home/sherwyn/Dropbox/hax/soft_eng/tma/src/website/app/__init__.py:53]
2017-11-28 10:59:54,583 INFO: time management [in /home/sherwyn/Dropbox/hax/soft_eng/tma/src/website/app/__init__.py:53]
2017-11-28 11:10:51,439 INFO: time management [in /home/sherwyn/Dropbox/hax/soft_eng/tma/src/website/app/__init__.py:53]
2017-11-28 11:11:47,050 INFO: time management [in /home/sherwyn/Dropbox/hax/soft_eng/tma/src/website/app/__init__.py:53]
2017-11-28 11:35:39,098 INFO: time management [in /home/sherwyn/Dropbox/hax/soft_eng/tma/src/website/app/__init__.py:53]
2017-11-28 11:36:14,478 INFO: time management [in /home/sherwyn/Dropbox/hax/soft_eng/tma/src/website/app/__init__.py:53]
2017-11-28 11:37:01,877 INFO: time management [in /home/sherwyn/Dropbox/hax/soft_eng/tma/src/website/app/__init__.py:53]
2017-11-28 11:39:52,358 INFO: time management [in /home/sherwyn/Dropbox/hax/soft_eng/tma/src/website/app/__init__.py:53]
2017-11-28 13:46:58,210 INFO: time management [in /home/sherwyn/Dropbox/hax/soft_eng/tma/src/website/app/__init__.py:53]
2017-11-28 13:50:04,271 INFO: time management [in /home/sherwyn/Dropbox/hax/soft_eng/tma/src/website/app/__init__.py:53]
2017-11-28 14:11:19,637 INFO: time management [in /home/sherwyn/Dropbox/hax/soft_eng/tma/src/website/app/__init__.py:53]
2017-11-28 14:34:03,223 INFO: time management [in /home/sherwyn/Dropbox/hax/soft_eng/tma/src/website/app/__init__.py:53]
2017-11-28 15:08:32,371 INFO: time management [in /home/sherwyn/Dropbox/hax/soft_eng/tma/src/website/app/__init__.py:53]
2017-11-28 15:22:09,084 INFO: time management [in /home/sherwyn/Dropbox/hax/soft_eng/tma/src/website/app/__init__.py:53]
2017-11-28 15:27:49,598 INFO: time management [in /home/sherwyn/Dropbox/hax/soft_eng/tma/src/website/app/__init__.py:53]
2017-11-28 15:27:50,246 INFO: time management [in /home/sherwyn/Dropbox/hax/soft_eng/tma/src/website/app/__init__.py:53]
2017-11-30 17:04:10,309 INFO: time management [in /home/sherwyn/Dropbox/hax/soft_eng/tma/src/website/app/__init__.py:53]
2017-11-30 17:04:13,864 INFO: time management [in /home/sherwyn/Dropbox/hax/soft_eng/tma/src/website/app/__init__.py:53]
2017-11-30 17:41:59,276 INFO: time management [in /home/sherwyn/Dropbox/hax/soft_eng/tma/src/website/project/__init__.py:53]
2017-11-30 17:42:00,017 INFO: time management [in /home/sherwyn/Dropbox/hax/soft_eng/tma/src/website/project/__init__.py:53]
2017-11-30 17:44:56,730 INFO: time management [in /home/sherwyn/Dropbox/hax/soft_eng/tma/src/website/project/__init__.py:53]
2017-11-30 17:45:44,999 INFO: time management [in /home/sherwyn/Dropbox/hax/soft_eng/tma/src/website/project/__init__.py:53]
2017-11-30 17:45:45,624 INFO: time management [in /home/sherwyn/Dropbox/hax/soft_eng/tma/src/website/project/__init__.py:53]
2017-11-30 17:53:03,438 INFO: time management [in /home/sherwyn/Dropbox/hax/soft_eng/tma/src/website/project/__init__.py:50]
2017-11-30 17:53:54,546 INFO: time management [in /home/sherwyn/Dropbox/hax/soft_eng/tma/src/website/project/__init__.py:50]
2017-11-30 17:54:18,117 INFO: time management [in /home/sherwyn/Dropbox/hax/soft_eng/tma/src/website/project/__init__.py:50]
2017-11-30 17:54:34,486 INFO: time management [in /home/sherwyn/Dropbox/hax/soft_eng/tma/src/website/project/__init__.py:50]
2017-11-30 17:54:35,375 INFO: time management [in /home/sherwyn/Dropbox/hax/soft_eng/tma/src/website/project/__init__.py:50]
2017-11-30 17:55:08,999 INFO: time management [in /home/sherwyn/Dropbox/hax/soft_eng/tma/src/website/project/__init__.py:50]
2017-11-30 17:55:09,691 INFO: time management [in /home/sherwyn/Dropbox/hax/soft_eng/tma/src/website/project/__init__.py:50]
2017-11-30 18:42:37,316 INFO: time management [in /home/sherwyn/Dropbox/hax/soft_eng/tma/project/__init__.py:50]
2017-11-30 18:42:51,040 INFO: time management [in /home/sherwyn/Dropbox/hax/soft_eng/tma/project/__init__.py:50]
2017-11-30 18:42:51,761 INFO: time management [in /home/sherwyn/Dropbox/hax/soft_eng/tma/project/__init__.py:50]
2017-11-30 18:48:44,471 INFO: time management [in /home/sherwyn/Dropbox/hax/soft_eng/tma/project/__init__.py:50]
2017-11-30 18:48:45,124 INFO: time management [in /home/sherwyn/Dropbox/hax/soft_eng/tma/project/__init__.py:50]
2017-11-30 19:03:24,515 INFO: time management [in /home/sherwyn/Dropbox/hax/soft_eng/tma/project/__init__.py:50]
2017-11-30 19:03:40,953 INFO: time management [in /home/sherwyn/Dropbox/hax/soft_eng/tma/project/__init__.py:50]
2017-11-30 19:22:41,295 INFO: time management [in /home/sherwyn/Dropbox/hax/soft_eng/tma/project/__init__.py:52]
2017-11-30 19:34:17,006 INFO: time management [in /home/sherwyn/Dropbox/hax/soft_eng/tma/project/__init__.py:52]
2017-11-30 20:30:56,167 INFO: time management [in /home/sherwyn/Dropbox/hax/soft_eng/tma/project/__init__.py:52]
2017-11-30 20:31:17,759 INFO: time management [in /home/sherwyn/Dropbox/hax/soft_eng/tma/project/__init__.py:52]
2017-11-30 21:17:33,882 INFO: time management [in /home/sherwyn/Dropbox/hax/soft_eng/tma/project/__init__.py:52]
2017-11-30 21:17:53,353 INFO: time management [in /home/sherwyn/Dropbox/hax/soft_eng/tma/project/__init__.py:52]
2017-11-30 21:18:06,604 INFO: time management [in /home/sherwyn/Dropbox/hax/soft_eng/tma/project/__init__.py:52]
2017-11-30 21:18:07,259 INFO: time management [in /home/sherwyn/Dropbox/hax/soft_eng/tma/project/__init__.py:52]
2017-11-30 21:39:41,696 INFO: time management [in /home/sherwyn/Dropbox/hax/soft_eng/tma/project/__init__.py:52]
2017-11-30 21:51:40,192 INFO: time management [in /home/sherwyn/Dropbox/hax/soft_eng/tma/project/__init__.py:52]
2017-11-30 21:57:19,090 INFO: time management [in /home/sherwyn/Dropbox/hax/soft_eng/tma/project/__init__.py:52]
2017-12-01 12:36:20,400 INFO: time management [in C:\Users\sherwyn\Dropbox\hax\soft_eng\tma\project\__init__.py:52]
2017-12-01 12:36:25,799 INFO: time management [in C:\Users\sherwyn\Dropbox\hax\soft_eng\tma\project\__init__.py:52]
2017-12-01 12:38:39,606 INFO: time management [in C:\Users\sherwyn\Dropbox\hax\soft_eng\tma\project\__init__.py:52]
2017-12-01 12:38:45,768 INFO: time management [in C:\Users\sherwyn\Dropbox\hax\soft_eng\tma\project\__init__.py:52]
2017-12-01 12:59:28,416 INFO: time management [in C:\Users\sherwyn\Dropbox\hax\soft_eng\tma\project\__init__.py:52]
2017-12-01 12:59:29,322 INFO: time management [in C:\Users\sherwyn\Dropbox\hax\soft_eng\tma\project\__init__.py:52]
2017-12-01 13:02:23,539 INFO: time management [in C:\Users\sherwyn\Dropbox\hax\soft_eng\tma\project\__init__.py:52]
2017-12-01 13:03:09,880 INFO: time management [in C:\Users\sherwyn\Dropbox\hax\soft_eng\tma\project\__init__.py:52]
2017-12-01 13:03:18,845 INFO: time management [in C:\Users\sherwyn\Dropbox\hax\soft_eng\tma\project\__init__.py:52]
2017-12-01 13:03:19,719 INFO: time management [in C:\Users\sherwyn\Dropbox\hax\soft_eng\tma\project\__init__.py:52]
2017-12-01 13:08:41,861 INFO: time management [in C:\Users\sherwyn\Dropbox\hax\soft_eng\tma\project\__init__.py:52]
2017-12-01 13:10:58,012 INFO: time management [in C:\Users\sherwyn\Dropbox\hax\soft_eng\tma\project\__init__.py:52]
2017-12-01 13:11:08,421 INFO: time management [in C:\Users\sherwyn\Dropbox\hax\soft_eng\tma\project\__init__.py:52]
2017-12-01 13:14:21,129 INFO: time management [in C:\Users\sherwyn\Dropbox\hax\soft_eng\tma\project\__init__.py:52]
2017-12-01 13:26:40,769 INFO: time management [in C:\Users\sherwyn\Dropbox\hax\soft_eng\tma\project\__init__.py:52]
2017-12-01 14:21:06,742 INFO: time management [in C:\Users\sherwyn\Dropbox\hax\soft_eng\tma\project\__init__.py:52]
2017-12-01 14:25:20,565 INFO: time management [in C:\Users\sherwyn\Dropbox\hax\soft_eng\tma\project\__init__.py:52]
2017-12-01 14:25:23,565 INFO: time management [in C:\Users\sherwyn\Dropbox\hax\soft_eng\tma\project\__init__.py:52]
2017-12-01 14:26:13,024 INFO: time management [in C:\Users\sherwyn\Dropbox\hax\soft_eng\tma\project\__init__.py:52]
2017-12-01 14:26:25,347 INFO: time management [in C:\Users\sherwyn\Dropbox\hax\soft_eng\tma\project\__init__.py:52]
2017-12-01 14:29:59,873 INFO: time management [in C:\Users\sherwyn\Dropbox\hax\soft_eng\tma\project\__init__.py:52]
2017-12-01 14:30:16,262 INFO: time management [in C:\Users\sherwyn\Dropbox\hax\soft_eng\tma\project\__init__.py:52]
2017-12-01 14:30:17,215 INFO: time management [in C:\Users\sherwyn\Dropbox\hax\soft_eng\tma\project\__init__.py:52]
2017-12-01 14:52:47,019 INFO: time management [in C:\Users\sherwyn\Dropbox\hax\soft_eng\tma\project\__init__.py:52]
2017-12-01 14:53:31,368 INFO: time management [in C:\Users\sherwyn\Dropbox\hax\soft_eng\tma\project\__init__.py:52]
2017-12-01 17:27:56,246 INFO: time management [in C:\Users\sherwyn\Dropbox\hax\soft_eng\tma\project\__init__.py:52]
2017-12-01 17:28:26,124 INFO: time management [in C:\Users\sherwyn\Dropbox\hax\soft_eng\tma\project\__init__.py:52]
2017-12-01 17:28:38,881 INFO: time management [in C:\Users\sherwyn\Dropbox\hax\soft_eng\tma\project\__init__.py:52]
2017-12-01 17:28:39,828 INFO: time management [in C:\Users\sherwyn\Dropbox\hax\soft_eng\tma\project\__init__.py:52]
2017-12-01 17:29:01,136 INFO: time management [in C:\Users\sherwyn\Dropbox\hax\soft_eng\tma\project\__init__.py:52]
2017-12-01 17:29:30,508 INFO: time management [in C:\Users\sherwyn\Dropbox\hax\soft_eng\tma\project\__init__.py:52]
2017-12-01 17:29:51,352 INFO: time management [in C:\Users\sherwyn\Dropbox\hax\soft_eng\tma\project\__init__.py:52]
2017-12-01 17:30:13,481 INFO: time management [in C:\Users\sherwyn\Dropbox\hax\soft_eng\tma\project\__init__.py:52]
2017-12-01 17:31:51,493 INFO: time management [in C:\Users\sherwyn\Dropbox\hax\soft_eng\tma\project\__init__.py:52]
2017-12-01 17:32:02,411 INFO: time management [in C:\Users\sherwyn\Dropbox\hax\soft_eng\tma\project\__init__.py:52]
2017-12-01 17:32:24,582 INFO: time management [in C:\Users\sherwyn\Dropbox\hax\soft_eng\tma\project\__init__.py:52]
2017-12-01 17:32:27,972 INFO: time management [in C:\Users\sherwyn\Dropbox\hax\soft_eng\tma\project\__init__.py:52]
2017-12-01 17:32:47,458 INFO: time management [in C:\Users\sherwyn\Dropbox\hax\soft_eng\tma\project\__init__.py:52]
2017-12-01 17:34:40,961 INFO: time management [in C:\Users\sherwyn\Dropbox\hax\soft_eng\tma\project\__init__.py:52]
2017-12-01 17:36:30,789 INFO: time management [in C:\Users\sherwyn\Dropbox\hax\soft_eng\tma\project\__init__.py:52]
2017-12-01 17:38:33,491 INFO: time management [in C:\Users\sherwyn\Dropbox\hax\soft_eng\tma\project\__init__.py:52]
2017-12-01 17:39:56,363 INFO: time management [in C:\Users\sherwyn\Dropbox\hax\soft_eng\tma\project\__init__.py:52]
2017-12-01 17:40:05,683 INFO: time management [in C:\Users\sherwyn\Dropbox\hax\soft_eng\tma\project\__init__.py:52]
2017-12-01 17:40:09,442 INFO: time management [in C:\Users\sherwyn\Dropbox\hax\soft_eng\tma\project\__init__.py:52]
2017-12-01 17:40:24,252 INFO: time management [in C:\Users\sherwyn\Dropbox\hax\soft_eng\tma\project\__init__.py:52]
2017-12-01 17:40:30,959 INFO: time management [in C:\Users\sherwyn\Dropbox\hax\soft_eng\tma\project\__init__.py:52]
2017-12-01 17:40:59,403 INFO: time management [in C:\Users\sherwyn\Dropbox\hax\soft_eng\tma\project\__init__.py:52]
2017-12-01 17:41:00,306 INFO: time management [in C:\Users\sherwyn\Dropbox\hax\soft_eng\tma\project\__init__.py:52]
2017-12-01 17:47:16,932 INFO: time management [in C:\Users\sherwyn\Dropbox\hax\soft_eng\tma\project\__init__.py:52]
2017-12-01 17:47:28,455 INFO: time management [in C:\Users\sherwyn\Dropbox\hax\soft_eng\tma\project\__init__.py:52]
2017-12-01 17:51:16,700 INFO: time management [in C:\Users\sherwyn\Dropbox\hax\soft_eng\tma\project\__init__.py:52]
2017-12-01 17:51:33,687 INFO: time management [in C:\Users\sherwyn\Dropbox\hax\soft_eng\tma\project\__init__.py:52]
2017-12-01 17:52:04,147 INFO: time management [in C:\Users\sherwyn\Dropbox\hax\soft_eng\tma\project\__init__.py:52]
2017-12-01 17:52:05,108 INFO: time management [in C:\Users\sherwyn\Dropbox\hax\soft_eng\tma\project\__init__.py:52]
2017-12-01 17:53:36,792 INFO: time management [in C:\Users\sherwyn\Dropbox\hax\soft_eng\tma\project\__init__.py:52]
2017-12-01 17:54:16,431 INFO: time management [in C:\Users\sherwyn\Dropbox\hax\soft_eng\tma\project\__init__.py:52]
2017-12-01 18:24:52,470 INFO: time management [in C:\Users\sherwyn\Dropbox\hax\soft_eng\tma\project\__init__.py:52]
2017-12-01 18:27:21,915 INFO: time management [in C:\Users\sherwyn\Dropbox\hax\soft_eng\tma\project\__init__.py:52]
2017-12-01 18:27:25,017 INFO: time management [in C:\Users\sherwyn\Dropbox\hax\soft_eng\tma\project\__init__.py:52]
2017-12-01 18:38:35,639 INFO: time management [in C:\Users\sherwyn\Dropbox\hax\soft_eng\tma\project\__init__.py:52]
2017-12-01 18:38:59,778 INFO: time management [in C:\Users\sherwyn\Dropbox\hax\soft_eng\tma\project\__init__.py:52]
2017-12-01 18:40:22,266 INFO: time management [in C:\Users\sherwyn\Dropbox\hax\soft_eng\tma\project\__init__.py:52]
2017-12-01 18:40:32,814 INFO: time management [in C:\Users\sherwyn\Dropbox\hax\soft_eng\tma\project\__init__.py:52]
2017-12-01 19:01:39,729 INFO: time management [in C:\Users\sherwyn\Dropbox\hax\soft_eng\tma\project\__init__.py:53]
2017-12-01 19:02:18,540 INFO: time management [in C:\Users\sherwyn\Dropbox\hax\soft_eng\tma\project\__init__.py:55]
2017-12-02 01:38:31,960 INFO: time management [in C:\Users\sherwyn\Dropbox\hax\soft_eng\tma\project\__init__.py:55]
2017-12-02 01:39:49,090 INFO: time management [in C:\Users\sherwyn\Dropbox\hax\soft_eng\tma\project\__init__.py:55]
2017-12-02 01:40:01,518 INFO: time management [in C:\Users\sherwyn\Dropbox\hax\soft_eng\tma\project\__init__.py:55]
2017-12-02 01:40:04,411 INFO: time management [in C:\Users\sherwyn\Dropbox\hax\soft_eng\tma\project\__init__.py:55]
2017-12-02 01:40:07,520 INFO: time management [in C:\Users\sherwyn\Dropbox\hax\soft_eng\tma\project\__init__.py:55]
2017-12-02 01:40:10,700 INFO: time management [in C:\Users\sherwyn\Dropbox\hax\soft_eng\tma\project\__init__.py:55]
2017-12-02 01:43:19,744 INFO: time management [in C:\Users\sherwyn\Dropbox\hax\soft_eng\tma\project\__init__.py:55]
2017-12-02 01:43:34,653 INFO: time management [in C:\Users\sherwyn\Dropbox\hax\soft_eng\tma\project\__init__.py:55]
2017-12-02 01:43:38,301 INFO: time management [in C:\Users\sherwyn\Dropbox\hax\soft_eng\tma\project\__init__.py:55]
2017-12-02 01:43:44,051 INFO: time management [in C:\Users\sherwyn\Dropbox\hax\soft_eng\tma\project\__init__.py:55]
2017-12-02 01:43:47,525 INFO: time management [in C:\Users\sherwyn\Dropbox\hax\soft_eng\tma\project\__init__.py:55]
2017-12-02 01:43:50,832 INFO: time management [in C:\Users\sherwyn\Dropbox\hax\soft_eng\tma\project\__init__.py:55]
2017-12-02 01:44:01,754 INFO: time management [in C:\Users\sherwyn\Dropbox\hax\soft_eng\tma\project\__init__.py:55]
2017-12-02 01:47:55,834 INFO: time management [in C:\Users\sherwyn\Dropbox\hax\soft_eng\tma\project\__init__.py:55]
2017-12-02 01:48:00,818 INFO: time management [in C:\Users\sherwyn\Dropbox\hax\soft_eng\tma\project\__init__.py:55]
2017-12-02 01:48:04,526 INFO: time management [in C:\Users\sherwyn\Dropbox\hax\soft_eng\tma\project\__init__.py:55]
2017-12-02 02:45:33,888 INFO: time management [in C:\Users\sherwyn\Dropbox\hax\soft_eng\tma\project\__init__.py:55]
2017-12-02 04:27:21,774 INFO: time management [in C:\Users\sherwyn\Dropbox\hax\soft_eng\tma\project\__init__.py:55]
2017-12-02 04:27:26,092 INFO: time management [in C:\Users\sherwyn\Dropbox\hax\soft_eng\tma\project\__init__.py:55]
2017-12-02 04:28:12,135 INFO: time management [in C:\Users\sherwyn\Dropbox\hax\soft_eng\tma\project\__init__.py:55]
2017-12-02 04:28:15,199 INFO: time management [in C:\Users\sherwyn\Dropbox\hax\soft_eng\tma\project\__init__.py:55]
2017-12-02 04:29:26,215 INFO: time management [in C:\Users\sherwyn\Dropbox\hax\soft_eng\tma\project\__init__.py:55]
2017-12-02 04:47:33,846 INFO: time management [in C:\Users\sherwyn\Dropbox\hax\soft_eng\tma\project\__init__.py:55]
2017-12-03 14:54:55,328 INFO: time management [in C:\Users\sherwyn\Dropbox\hax\soft_eng\tma\project\__init__.py:55]
2017-12-03 14:54:59,697 INFO: time management [in C:\Users\sherwyn\Dropbox\hax\soft_eng\tma\project\__init__.py:55]
2017-12-03 14:57:28,292 INFO: time management [in C:\Users\sherwyn\Dropbox\hax\soft_eng\tma\project\__init__.py:55]
2017-12-03 14:57:28,297 INFO: time management [in C:\Users\sherwyn\Dropbox\hax\soft_eng\tma\project\__init__.py:55]
2017-12-03 14:59:00,856 INFO: time management [in C:\Users\sherwyn\Dropbox\hax\soft_eng\tma\project\__init__.py:55]
2017-12-03 14:59:00,857 INFO: time management [in C:\Users\sherwyn\Dropbox\hax\soft_eng\tma\project\__init__.py:55]
2017-12-05 11:02:16,502 INFO: time management [in /home/sherwyn/Dropbox/hax/soft_eng/tma/project/__init__.py:55]
2017-12-05 11:02:19,632 INFO: time management [in /home/sherwyn/Dropbox/hax/soft_eng/tma/project/__init__.py:55]
2017-12-05 11:02:42,963 INFO: time management [in /home/sherwyn/Dropbox/hax/soft_eng/tma/project/__init__.py:55]
2017-12-05 11:08:32,431 INFO: time management [in /home/sherwyn/Dropbox/hax/soft_eng/tma/project/__init__.py:55]
2017-12-05 11:08:33,046 INFO: time management [in /home/sherwyn/Dropbox/hax/soft_eng/tma/project/__init__.py:55]
2017-12-05 11:20:27,709 INFO: time management [in /home/sherwyn/Dropbox/hax/soft_eng/tma/project/__init__.py:55]
2017-12-05 11:45:48,585 INFO: time management [in /home/sherwyn/Dropbox/hax/soft_eng/tma/project/__init__.py:55]
2017-12-05 13:05:43,747 INFO: time management [in /home/sherwyn/Dropbox/hax/soft_eng/tma/project/__init__.py:55]
2017-12-05 13:08:45,735 INFO: time management [in /home/sherwyn/Dropbox/hax/soft_eng/tma/project/__init__.py:55]
2017-12-05 13:20:08,684 INFO: time management [in /home/sherwyn/Dropbox/hax/soft_eng/tma/project/__init__.py:55]
2017-12-05 13:20:29,116 INFO: time management [in /home/sherwyn/Dropbox/hax/soft_eng/tma/project/__init__.py:55]
2017-12-05 13:21:33,165 INFO: time management [in /home/sherwyn/Dropbox/hax/soft_eng/tma/project/__init__.py:55]
2017-12-05 13:21:33,786 INFO: time management [in /home/sherwyn/Dropbox/hax/soft_eng/tma/project/__init__.py:55]
2017-12-05 13:23:15,077 INFO: time management [in /home/sherwyn/Dropbox/hax/soft_eng/tma/project/__init__.py:55]
2017-12-05 13:23:51,330 INFO: time management [in /home/sherwyn/Dropbox/hax/soft_eng/tma/project/__init__.py:55]
2017-12-05 13:24:02,196 INFO: time management [in /home/sherwyn/Dropbox/hax/soft_eng/tma/project/__init__.py:55]
2017-12-05 13:24:36,441 INFO: time management [in /home/sherwyn/Dropbox/hax/soft_eng/tma/project/__init__.py:55]
2017-12-05 13:25:32,102 INFO: time management [in /home/sherwyn/Dropbox/hax/soft_eng/tma/project/__init__.py:55]
2017-12-05 13:25:53,134 INFO: time management [in /home/sherwyn/Dropbox/hax/soft_eng/tma/project/__init__.py:55]
2017-12-05 13:26:29,489 INFO: time management [in /home/sherwyn/Dropbox/hax/soft_eng/tma/project/__init__.py:55]
2017-12-05 13:26:48,452 INFO: time management [in /home/sherwyn/Dropbox/hax/soft_eng/tma/project/__init__.py:55]
2017-12-05 13:27:27,799 INFO: time management [in /home/sherwyn/Dropbox/hax/soft_eng/tma/project/__init__.py:55]
2017-12-05 13:29:33,664 INFO: time management [in /home/sherwyn/Dropbox/hax/soft_eng/tma/project/__init__.py:55]
2017-12-05 13:31:15,963 INFO: time management [in /home/sherwyn/Dropbox/hax/soft_eng/tma/project/__init__.py:55]
2017-12-05 13:31:30,875 INFO: time management [in /home/sherwyn/Dropbox/hax/soft_eng/tma/project/__init__.py:55]
2017-12-05 13:32:29,479 INFO: time management [in /home/sherwyn/Dropbox/hax/soft_eng/tma/project/__init__.py:55]
2017-12-05 13:33:40,391 INFO: time management [in /home/sherwyn/Dropbox/hax/soft_eng/tma/project/__init__.py:55]
2017-12-05 13:33:47,222 INFO: time management [in /home/sherwyn/Dropbox/hax/soft_eng/tma/project/__init__.py:55]
2017-12-05 13:38:22,344 INFO: time management [in /home/sherwyn/Dropbox/hax/soft_eng/tma/project/__init__.py:55]
2017-12-05 13:39:40,343 INFO: time management [in /home/sherwyn/Dropbox/hax/soft_eng/tma/project/__init__.py:55]
2017-12-05 13:42:33,785 INFO: time management [in /home/sherwyn/Dropbox/hax/soft_eng/tma/project/__init__.py:55]
2017-12-05 14:05:29,825 INFO: time management [in /home/sherwyn/Dropbox/hax/soft_eng/tma/project/__init__.py:55]
2017-12-05 14:05:48,746 INFO: time management [in /home/sherwyn/Dropbox/hax/soft_eng/tma/project/__init__.py:55]
2017-12-05 14:06:25,545 INFO: time management [in /home/sherwyn/Dropbox/hax/soft_eng/tma/project/__init__.py:55]
2017-12-05 14:06:36,007 INFO: time management [in /home/sherwyn/Dropbox/hax/soft_eng/tma/project/__init__.py:55]
2017-12-05 14:06:51,605 INFO: time management [in /home/sherwyn/Dropbox/hax/soft_eng/tma/project/__init__.py:55]
2017-12-05 14:06:56,990 INFO: time management [in /home/sherwyn/Dropbox/hax/soft_eng/tma/project/__init__.py:55]
2017-12-05 14:07:03,490 INFO: time management [in /home/sherwyn/Dropbox/hax/soft_eng/tma/project/__init__.py:55]
2017-12-05 14:07:04,127 INFO: time management [in /home/sherwyn/Dropbox/hax/soft_eng/tma/project/__init__.py:55]
2017-12-05 14:17:55,446 INFO: time management [in /home/sherwyn/Dropbox/hax/soft_eng/tma/project/__init__.py:55]
2017-12-05 14:18:06,346 INFO: time management [in /home/sherwyn/Dropbox/hax/soft_eng/tma/project/__init__.py:55]
2017-12-05 14:19:08,934 INFO: time management [in /home/sherwyn/Dropbox/hax/soft_eng/tma/project/__init__.py:55]
2017-12-05 14:34:37,566 INFO: time management [in /home/sherwyn/Dropbox/hax/soft_eng/tma/project/__init__.py:55]
2017-12-05 14:36:37,247 INFO: time management [in /home/sherwyn/Dropbox/hax/soft_eng/tma/project/__init__.py:55]
2017-12-05 14:37:11,671 INFO: time management [in /home/sherwyn/Dropbox/hax/soft_eng/tma/project/__init__.py:55]
2017-12-05 14:37:12,291 INFO: time management [in /home/sherwyn/Dropbox/hax/soft_eng/tma/project/__init__.py:55]
2017-12-05 14:39:08,002 INFO: time management [in /home/sherwyn/Dropbox/hax/soft_eng/tma/project/__init__.py:55]
2017-12-05 14:40:20,881 INFO: time management [in /home/sherwyn/Dropbox/hax/soft_eng/tma/project/__init__.py:55]
2017-12-05 16:01:30,445 INFO: time management [in /home/sherwyn/Dropbox/hax/soft_eng/tma/project/__init__.py:55]
2017-12-05 16:10:57,346 INFO: time management [in /home/sherwyn/Dropbox/hax/soft_eng/tma/project/__init__.py:55]
2017-12-05 16:10:57,974 INFO: time management [in /home/sherwyn/Dropbox/hax/soft_eng/tma/project/__init__.py:55]
2017-12-05 16:13:35,107 INFO: time management [in /home/sherwyn/Dropbox/hax/soft_eng/tma/project/__init__.py:55]
2017-12-05 16:15:05,088 INFO: time management [in /home/sherwyn/Dropbox/hax/soft_eng/tma/project/__init__.py:55]
2017-12-05 16:15:31,220 INFO: time management [in /home/sherwyn/Dropbox/hax/soft_eng/tma/project/__init__.py:55]
2017-12-05 16:17:29,868 INFO: time management [in /home/sherwyn/Dropbox/hax/soft_eng/tma/project/__init__.py:55]
2017-12-05 16:19:19,252 INFO: time management [in /home/sherwyn/Dropbox/hax/soft_eng/tma/project/__init__.py:55]
2017-12-05 16:22:47,168 INFO: time management [in /home/sherwyn/Dropbox/hax/soft_eng/tma/project/__init__.py:55]
2017-12-05 18:29:20,613 INFO: time management [in /home/sherwyn/Dropbox/hax/soft_eng/tma/project/__init__.py:55]
2017-12-05 18:31:51,577 INFO: time management [in /home/sherwyn/Dropbox/hax/soft_eng/tma/project/__init__.py:55]
2017-12-05 18:32:32,912 INFO: time management [in /home/sherwyn/Dropbox/hax/soft_eng/tma/project/__init__.py:55]
2017-12-05 19:10:23,506 INFO: time management [in /home/sherwyn/Dropbox/hax/soft_eng/tma/project/__init__.py:55]
2017-12-05 19:10:56,005 INFO: time management [in /home/sherwyn/Dropbox/hax/soft_eng/tma/project/__init__.py:55]
2017-12-05 19:10:56,905 INFO: time management [in /home/sherwyn/Dropbox/hax/soft_eng/tma/project/__init__.py:55]
2017-12-05 19:11:50,373 INFO: time management [in /home/sherwyn/Dropbox/hax/soft_eng/tma/project/__init__.py:55]
2017-12-05 21:05:17,937 INFO: time management [in /home/sherwyn/Dropbox/hax/soft_eng/tma/project/__init__.py:55]
2017-12-05 22:40:21,047 INFO: time management [in C:\Users\sherwyn\Dropbox\hax\soft_eng\tma\project\__init__.py:55]
2017-12-05 22:40:25,796 INFO: time management [in C:\Users\sherwyn\Dropbox\hax\soft_eng\tma\project\__init__.py:55]
2017-12-05 22:43:34,216 INFO: time management [in C:\Users\sherwyn\Dropbox\hax\soft_eng\tma\project\__init__.py:55]
2017-12-05 22:44:20,223 INFO: time management [in C:\Users\sherwyn\Dropbox\hax\soft_eng\tma\project\__init__.py:55]
2017-12-05 22:44:21,120 INFO: time management [in C:\Users\sherwyn\Dropbox\hax\soft_eng\tma\project\__init__.py:55]
2017-12-05 23:05:34,088 INFO: time management [in C:\Users\sherwyn\Dropbox\hax\soft_eng\tma\project\__init__.py:55]
2017-12-05 23:14:25,748 INFO: time management [in C:\Users\sherwyn\Dropbox\hax\soft_eng\tma\project\__init__.py:55]
2017-12-05 23:17:42,185 INFO: time management [in C:\Users\sherwyn\Dropbox\hax\soft_eng\tma\project\__init__.py:55]
2017-12-05 23:18:14,339 INFO: time management [in C:\Users\sherwyn\Dropbox\hax\soft_eng\tma\project\__init__.py:55]
2017-12-05 23:19:14,604 INFO: time management [in C:\Users\sherwyn\Dropbox\hax\soft_eng\tma\project\__init__.py:55]
2017-12-05 23:20:42,962 INFO: time management [in C:\Users\sherwyn\Dropbox\hax\soft_eng\tma\project\__init__.py:55]
2017-12-05 23:20:54,342 INFO: time management [in C:\Users\sherwyn\Dropbox\hax\soft_eng\tma\project\__init__.py:55]
2017-12-05 23:29:25,646 INFO: time management [in C:\Users\sherwyn\Dropbox\hax\soft_eng\tma\project\__init__.py:55]
2017-12-07 15:38:46,096 INFO: time management [in /home/sherwyn/Dropbox/hax/soft_eng/tma/project/__init__.py:55]
2017-12-07 15:38:51,111 INFO: time management [in /home/sherwyn/Dropbox/hax/soft_eng/tma/project/__init__.py:55]
2017-12-07 15:40:49,590 INFO: time management [in /home/sherwyn/Dropbox/hax/soft_eng/tma/project/__init__.py:55]
2017-12-07 15:40:58,529 INFO: time management [in /home/sherwyn/Dropbox/hax/soft_eng/tma/project/__init__.py:55]
